Started GET "/" for 127.0.0.1 at 2018-04-04 16:13:16 +0200

PG::ConnectionBad - FATAL:  role "localdbuser" does not exist
:

Started POST "/__better_errors/e43ab1a8f2f82c88/variables" for 127.0.0.1 at 2018-04-04 16:13:16 +0200
Started GET "/" for 127.0.0.1 at 2018-04-04 16:14:20 +0200

PG::ConnectionBad - FATAL:  role "localdbuser" does not exist
:

Started POST "/__better_errors/b64e986f4e6fe9ad/variables" for 127.0.0.1 at 2018-04-04 16:14:20 +0200
Started GET "/" for 127.0.0.1 at 2018-04-04 16:15:44 +0200

PG::ConnectionBad - FATAL:  role "localdbuser" does not exist
:

Started POST "/__better_errors/e8a273e61f5ad2ae/variables" for 127.0.0.1 at 2018-04-04 16:15:44 +0200
Started GET "/" for 127.0.0.1 at 2018-04-04 16:16:02 +0200

ActiveRecord::PendingMigrationError - Migrations are pending. To resolve this issue, run:

        bin/rails db:migrate RAILS_ENV=development

:

Started POST "/__better_errors/815dfbe72e72dd1c/variables" for 127.0.0.1 at 2018-04-04 16:16:02 +0200
  [1m[35m (51.1ms)[0m  [1m[35mCREATE TABLE "schema_migrations" ("version" character varying NOT NULL PRIMARY KEY)[0m
  [1m[35m (27.7ms)[0m  [1m[35mCREATE TABLE "ar_internal_metadata" ("key" character varying NOT NULL PRIMARY KEY, "value" character varying, "created_at" timestamp NOT NULL, "updated_at" timestamp NOT NULL)[0m
  [1m[35m (0.4ms)[0m  [1m[34mSELECT pg_try_advisory_lock(7726559014232916165)[0m
  [1m[35m (1.1ms)[0m  [1m[34mSELECT "schema_migrations"."version" FROM "schema_migrations" ORDER BY "schema_migrations"."version" ASC[0m
Migrating to DeviseCreateUsers (20170815132601)
  [1m[35m (0.2ms)[0m  [1m[35mBEGIN[0m
  [1m[35m (26.0ms)[0m  [1m[35mCREATE TABLE "users" ("id" bigserial primary key, "email" character varying DEFAULT '' NOT NULL, "encrypted_password" character varying DEFAULT '' NOT NULL, "reset_password_token" character varying, "reset_password_sent_at" timestamp, "remember_created_at" timestamp, "sign_in_count" integer DEFAULT 0 NOT NULL, "current_sign_in_at" timestamp, "last_sign_in_at" timestamp, "current_sign_in_ip" character varying, "last_sign_in_ip" character varying, "confirmation_token" character varying, "confirmed_at" timestamp, "confirmation_sent_at" timestamp, "unconfirmed_email" character varying, "failed_attempts" integer DEFAULT 0 NOT NULL, "unlock_token" character varying, "locked_at" timestamp, "role" integer, "first_name" character varying, "last_name" character varying, "slug" character varying, "created_at" timestamp NOT NULL, "updated_at" timestamp NOT NULL)[0m
  [1m[35m (1.0ms)[0m  [1m[35mCREATE UNIQUE INDEX  "index_users_on_email" ON "users"  ("email")[0m
  [1m[35m (0.9ms)[0m  [1m[35mCREATE UNIQUE INDEX  "index_users_on_reset_password_token" ON "users"  ("reset_password_token")[0m
  [1m[35m (0.9ms)[0m  [1m[35mCREATE UNIQUE INDEX  "index_users_on_confirmation_token" ON "users"  ("confirmation_token")[0m
  [1m[35m (0.8ms)[0m  [1m[35mCREATE UNIQUE INDEX  "index_users_on_unlock_token" ON "users"  ("unlock_token")[0m
  [1m[35m (0.9ms)[0m  [1m[35mCREATE UNIQUE INDEX  "index_users_on_slug" ON "users"  ("slug")[0m
  [1m[35mSQL (0.5ms)[0m  [1m[32mINSERT INTO "schema_migrations" ("version") VALUES ($1) RETURNING "version"[0m  [["version", "20170815132601"]]
  [1m[35m (0.6ms)[0m  [1m[35mCOMMIT[0m
Migrating to CreateFriendlyIdSlugs (20170816134443)
  [1m[35m (6.3ms)[0m  [1m[35mBEGIN[0m
  [1m[35m (15.7ms)[0m  [1m[35mCREATE TABLE "friendly_id_slugs" ("id" serial NOT NULL PRIMARY KEY, "slug" character varying NOT NULL, "sluggable_id" integer NOT NULL, "sluggable_type" character varying(50), "scope" character varying, "created_at" timestamp)[0m
  [1m[35m (1.0ms)[0m  [1m[35mCREATE  INDEX  "index_friendly_id_slugs_on_sluggable_id" ON "friendly_id_slugs"  ("sluggable_id")[0m
  [1m[35m (1.1ms)[0m  [1m[35mCREATE  INDEX  "index_friendly_id_slugs_on_slug_and_sluggable_type" ON "friendly_id_slugs"  ("slug", "sluggable_type")[0m
  [1m[35m (0.9ms)[0m  [1m[35mCREATE UNIQUE INDEX  "index_friendly_id_slugs_on_slug_and_sluggable_type_and_scope" ON "friendly_id_slugs"  ("slug", "sluggable_type", "scope")[0m
  [1m[35m (0.8ms)[0m  [1m[35mCREATE  INDEX  "index_friendly_id_slugs_on_sluggable_type" ON "friendly_id_slugs"  ("sluggable_type")[0m
  [1m[35mSQL (0.2ms)[0m  [1m[32mINSERT INTO "schema_migrations" ("version") VALUES ($1) RETURNING "version"[0m  [["version", "20170816134443"]]
  [1m[35m (0.5ms)[0m  [1m[35mCOMMIT[0m
  [1m[36mActiveRecord::InternalMetadata Load (0.5ms)[0m  [1m[34mSELECT  "ar_internal_metadata".* FROM "ar_internal_metadata" WHERE "ar_internal_metadata"."key" = $1 LIMIT $2[0m  [["key", "environment"], ["LIMIT", 1]]
  [1m[35m (0.2ms)[0m  [1m[35mBEGIN[0m
  [1m[35mSQL (0.4ms)[0m  [1m[32mINSERT INTO "ar_internal_metadata" ("key", "value", "created_at", "updated_at") VALUES ($1, $2, $3, $4) RETURNING "key"[0m  [["key", "environment"], ["value", "development"], ["created_at", "2018-04-04 14:16:19.709899"], ["updated_at", "2018-04-04 14:16:19.709899"]]
  [1m[35m (0.4ms)[0m  [1m[35mCOMMIT[0m
  [1m[35m (0.2ms)[0m  [1m[34mSELECT pg_advisory_unlock(7726559014232916165)[0m
  [1m[35m (0.2ms)[0m  [1m[34mSELECT "schema_migrations"."version" FROM "schema_migrations" ORDER BY "schema_migrations"."version" ASC[0m
Started GET "/" for 127.0.0.1 at 2018-04-04 16:16:28 +0200
  [1m[35m (0.8ms)[0m  [1m[34mSELECT "schema_migrations"."version" FROM "schema_migrations" ORDER BY "schema_migrations"."version" ASC[0m
Processing by HomeController#index as HTML
Completed 401 Unauthorized in 14ms (ActiveRecord: 0.0ms)


Started GET "/users/sign_in" for 127.0.0.1 at 2018-04-04 16:16:29 +0200
Processing by Devise::SessionsController#new as HTML
  Rendering devise/sessions/new.html.erb within layouts/guest
  Rendered devise/shared/_links.html.erb (3.0ms)
  Rendered devise/sessions/new.html.erb within layouts/guest (19.4ms)
  Rendering layouts/application.html.erb
  Rendered layouts/application.html.erb (164.8ms)
Completed 500 Internal Server Error in 227ms (ActiveRecord: 5.8ms)



Sprockets::FileNotFound - couldn't find file 'sweetalert2/dist/sweetalert2' with type 'text/css'
Checked in these paths: 
  /Users/bojanmarjanovic/development/zen-rails-base-app-master/app/assets/config
  /Users/bojanmarjanovic/development/zen-rails-base-app-master/app/assets/images
  /Users/bojanmarjanovic/development/zen-rails-base-app-master/app/assets/javascripts
  /Users/bojanmarjanovic/development/zen-rails-base-app-master/app/assets/stylesheets
  /usr/local/lib/ruby/gems/2.5.0/gems/select2-rails-4.0.3/vendor/assets/javascripts
  /usr/local/lib/ruby/gems/2.5.0/gems/select2-rails-4.0.3/vendor/assets/stylesheets
  /usr/local/lib/ruby/gems/2.5.0/gems/jquery-rails-4.3.1/vendor/assets/javascripts
  /usr/local/lib/ruby/gems/2.5.0/gems/actioncable-5.1.6/lib/assets/compiled
  /usr/local/lib/ruby/gems/2.5.0/gems/actionview-5.1.6/lib/assets/compiled
  /usr/local/lib/ruby/gems/2.5.0/gems/turbolinks-source-5.1.0/lib/assets/javascripts
  /Users/bojanmarjanovic/development/zen-rails-base-app-master/node_modules
  /usr/local/lib/ruby/gems/2.5.0/gems/bootstrap-sass-3.3.7/assets/stylesheets
  /usr/local/lib/ruby/gems/2.5.0/gems/bootstrap-sass-3.3.7/assets/javascripts
  /usr/local/lib/ruby/gems/2.5.0/gems/bootstrap-sass-3.3.7/assets/fonts
  /usr/local/lib/ruby/gems/2.5.0/gems/bootstrap-sass-3.3.7/assets/images:
  app/views/layouts/application.html.erb:9:in `_app_views_layouts_application_html_erb___771054781398386884_70209688726180'
  app/views/layouts/guest.html.erb:9:in `_app_views_layouts_guest_html_erb__1528820626962663263_70209626573300'

Started POST "/__better_errors/d29a22b3501c36b8/variables" for 127.0.0.1 at 2018-04-04 16:16:29 +0200
Started POST "/__better_errors/d29a22b3501c36b8/variables" for 127.0.0.1 at 2018-04-04 16:16:37 +0200
Started GET "/users/sign_in" for 127.0.0.1 at 2018-04-04 16:17:29 +0200
  [1m[35m (1.1ms)[0m  [1m[34mSELECT "schema_migrations"."version" FROM "schema_migrations" ORDER BY "schema_migrations"."version" ASC[0m
Processing by Devise::SessionsController#new as HTML
  Rendering devise/sessions/new.html.erb within layouts/guest
  Rendered devise/shared/_links.html.erb (3.1ms)
  Rendered devise/sessions/new.html.erb within layouts/guest (730.8ms)
  Rendering layouts/application.html.erb
  Rendered layouts/application.html.erb (142.4ms)
Completed 500 Internal Server Error in 928ms (ActiveRecord: 6.5ms)



Sprockets::FileNotFound - couldn't find file 'sweetalert2/dist/sweetalert2' with type 'text/css'
Checked in these paths: 
  /Users/bojanmarjanovic/development/zen-rails-base-app-master/app/assets/config
  /Users/bojanmarjanovic/development/zen-rails-base-app-master/app/assets/images
  /Users/bojanmarjanovic/development/zen-rails-base-app-master/app/assets/javascripts
  /Users/bojanmarjanovic/development/zen-rails-base-app-master/app/assets/stylesheets
  /usr/local/lib/ruby/gems/2.5.0/gems/select2-rails-4.0.3/vendor/assets/javascripts
  /usr/local/lib/ruby/gems/2.5.0/gems/select2-rails-4.0.3/vendor/assets/stylesheets
  /usr/local/lib/ruby/gems/2.5.0/gems/jquery-rails-4.3.1/vendor/assets/javascripts
  /usr/local/lib/ruby/gems/2.5.0/gems/actioncable-5.1.6/lib/assets/compiled
  /usr/local/lib/ruby/gems/2.5.0/gems/actionview-5.1.6/lib/assets/compiled
  /usr/local/lib/ruby/gems/2.5.0/gems/turbolinks-source-5.1.0/lib/assets/javascripts
  /Users/bojanmarjanovic/development/zen-rails-base-app-master/node_modules
  /usr/local/lib/ruby/gems/2.5.0/gems/bootstrap-sass-3.3.7/assets/stylesheets
  /usr/local/lib/ruby/gems/2.5.0/gems/bootstrap-sass-3.3.7/assets/javascripts
  /usr/local/lib/ruby/gems/2.5.0/gems/bootstrap-sass-3.3.7/assets/fonts
  /usr/local/lib/ruby/gems/2.5.0/gems/bootstrap-sass-3.3.7/assets/images:
  app/views/layouts/application.html.erb:9:in `_app_views_layouts_application_html_erb___2222266673164169519_70099829720220'
  app/views/layouts/guest.html.erb:9:in `_app_views_layouts_guest_html_erb___1753681376865058491_70099829107980'

Started POST "/__better_errors/8ae5072245748a3a/variables" for 127.0.0.1 at 2018-04-04 16:17:30 +0200
Started GET "/users/sign_in" for 127.0.0.1 at 2018-04-04 16:20:50 +0200
  [1m[35m (1.2ms)[0m  [1m[34mSELECT "schema_migrations"."version" FROM "schema_migrations" ORDER BY "schema_migrations"."version" ASC[0m
Processing by Devise::SessionsController#new as HTML
  Rendering devise/sessions/new.html.erb within layouts/guest
  Rendered devise/shared/_links.html.erb (3.9ms)
  Rendered devise/sessions/new.html.erb within layouts/guest (710.3ms)
  Rendering layouts/application.html.erb
  Rendered layouts/application.html.erb (152.3ms)
Completed 500 Internal Server Error in 919ms (ActiveRecord: 8.8ms)



Sprockets::FileNotFound - couldn't find file 'sweetalert2/dist/sweetalert2' with type 'text/css'
Checked in these paths: 
  /Users/bojanmarjanovic/development/zen-rails-base-app-master/app/assets/config
  /Users/bojanmarjanovic/development/zen-rails-base-app-master/app/assets/images
  /Users/bojanmarjanovic/development/zen-rails-base-app-master/app/assets/javascripts
  /Users/bojanmarjanovic/development/zen-rails-base-app-master/app/assets/stylesheets
  /usr/local/lib/ruby/gems/2.5.0/gems/sweet-alert-confirm-0.4.1/lib/assets/javascripts
  /usr/local/lib/ruby/gems/2.5.0/gems/sweet-alert-confirm-0.4.1/lib/assets/stylesheets
  /usr/local/lib/ruby/gems/2.5.0/gems/select2-rails-4.0.3/vendor/assets/javascripts
  /usr/local/lib/ruby/gems/2.5.0/gems/select2-rails-4.0.3/vendor/assets/stylesheets
  /usr/local/lib/ruby/gems/2.5.0/gems/jquery-rails-4.3.1/vendor/assets/javascripts
  /usr/local/lib/ruby/gems/2.5.0/gems/actioncable-5.1.6/lib/assets/compiled
  /usr/local/lib/ruby/gems/2.5.0/gems/actionview-5.1.6/lib/assets/compiled
  /usr/local/lib/ruby/gems/2.5.0/gems/turbolinks-source-5.1.0/lib/assets/javascripts
  /Users/bojanmarjanovic/development/zen-rails-base-app-master/node_modules
  /usr/local/lib/ruby/gems/2.5.0/gems/bootstrap-sass-3.3.7/assets/stylesheets
  /usr/local/lib/ruby/gems/2.5.0/gems/bootstrap-sass-3.3.7/assets/javascripts
  /usr/local/lib/ruby/gems/2.5.0/gems/bootstrap-sass-3.3.7/assets/fonts
  /usr/local/lib/ruby/gems/2.5.0/gems/bootstrap-sass-3.3.7/assets/images:
  app/views/layouts/application.html.erb:9:in `_app_views_layouts_application_html_erb__1286681931739832885_70247929970560'
  app/views/layouts/guest.html.erb:9:in `_app_views_layouts_guest_html_erb___1137396647219871027_70247934633720'

Started POST "/__better_errors/d68a4f3b0e3bf93d/variables" for 127.0.0.1 at 2018-04-04 16:20:51 +0200
Started GET "/users/sign_in" for 127.0.0.1 at 2018-04-04 16:22:15 +0200
  [1m[35m (1.1ms)[0m  [1m[34mSELECT "schema_migrations"."version" FROM "schema_migrations" ORDER BY "schema_migrations"."version" ASC[0m
Processing by Devise::SessionsController#new as HTML
  Rendering devise/sessions/new.html.erb within layouts/guest
  Rendered devise/shared/_links.html.erb (1.7ms)
  Rendered devise/sessions/new.html.erb within layouts/guest (692.9ms)
  Rendering layouts/application.html.erb
  Rendered layouts/application.html.erb (141.2ms)
Completed 500 Internal Server Error in 885ms (ActiveRecord: 5.6ms)



Sprockets::FileNotFound - couldn't find file 'sweet-alert' with type 'text/css'
Checked in these paths: 
  /Users/bojanmarjanovic/development/zen-rails-base-app-master/app/assets/config
  /Users/bojanmarjanovic/development/zen-rails-base-app-master/app/assets/images
  /Users/bojanmarjanovic/development/zen-rails-base-app-master/app/assets/javascripts
  /Users/bojanmarjanovic/development/zen-rails-base-app-master/app/assets/stylesheets
  /usr/local/lib/ruby/gems/2.5.0/gems/sweet-alert-confirm-0.4.1/lib/assets/javascripts
  /usr/local/lib/ruby/gems/2.5.0/gems/sweet-alert-confirm-0.4.1/lib/assets/stylesheets
  /usr/local/lib/ruby/gems/2.5.0/gems/select2-rails-4.0.3/vendor/assets/javascripts
  /usr/local/lib/ruby/gems/2.5.0/gems/select2-rails-4.0.3/vendor/assets/stylesheets
  /usr/local/lib/ruby/gems/2.5.0/gems/jquery-rails-4.3.1/vendor/assets/javascripts
  /usr/local/lib/ruby/gems/2.5.0/gems/actioncable-5.1.6/lib/assets/compiled
  /usr/local/lib/ruby/gems/2.5.0/gems/actionview-5.1.6/lib/assets/compiled
  /usr/local/lib/ruby/gems/2.5.0/gems/turbolinks-source-5.1.0/lib/assets/javascripts
  /Users/bojanmarjanovic/development/zen-rails-base-app-master/node_modules
  /usr/local/lib/ruby/gems/2.5.0/gems/bootstrap-sass-3.3.7/assets/stylesheets
  /usr/local/lib/ruby/gems/2.5.0/gems/bootstrap-sass-3.3.7/assets/javascripts
  /usr/local/lib/ruby/gems/2.5.0/gems/bootstrap-sass-3.3.7/assets/fonts
  /usr/local/lib/ruby/gems/2.5.0/gems/bootstrap-sass-3.3.7/assets/images:
  app/views/layouts/application.html.erb:9:in `_app_views_layouts_application_html_erb___1516414419703174542_70198012243100'
  app/views/layouts/guest.html.erb:9:in `_app_views_layouts_guest_html_erb___3040391549315510293_70198050976180'

Started POST "/__better_errors/4da6097b321faecf/variables" for 127.0.0.1 at 2018-04-04 16:22:17 +0200
Started GET "/users/sign_in" for 127.0.0.1 at 2018-04-04 16:23:14 +0200
  [1m[35m (1.1ms)[0m  [1m[34mSELECT "schema_migrations"."version" FROM "schema_migrations" ORDER BY "schema_migrations"."version" ASC[0m
Processing by Devise::SessionsController#new as HTML
  Rendering devise/sessions/new.html.erb within layouts/guest
  Rendered devise/shared/_links.html.erb (1.4ms)
  Rendered devise/sessions/new.html.erb within layouts/guest (544.5ms)
  Rendering layouts/application.html.erb
  Rendered layouts/application.html.erb (3973.8ms)
Completed 200 OK in 4567ms (Views: 4528.5ms | ActiveRecord: 7.6ms)


Started GET "/" for 127.0.0.1 at 2018-04-04 16:23:24 +0200
Processing by HomeController#index as HTML
Completed 401 Unauthorized in 2ms (ActiveRecord: 0.0ms)


Started GET "/users/sign_in" for 127.0.0.1 at 2018-04-04 16:23:24 +0200
Processing by Devise::SessionsController#new as HTML
  Rendering devise/sessions/new.html.erb within layouts/guest
  Rendered devise/shared/_links.html.erb (1.2ms)
  Rendered devise/sessions/new.html.erb within layouts/guest (4.4ms)
  Rendering layouts/application.html.erb
  Rendered layouts/application.html.erb (49.9ms)
Completed 200 OK in 66ms (Views: 64.5ms | ActiveRecord: 0.0ms)


Started GET "/" for 127.0.0.1 at 2018-04-04 16:23:25 +0200
Processing by HomeController#index as HTML
Completed 401 Unauthorized in 1ms (ActiveRecord: 0.0ms)


Started GET "/users/sign_in" for 127.0.0.1 at 2018-04-04 16:23:25 +0200
Processing by Devise::SessionsController#new as HTML
  Rendering devise/sessions/new.html.erb within layouts/guest
  Rendered devise/shared/_links.html.erb (1.4ms)
  Rendered devise/sessions/new.html.erb within layouts/guest (8.5ms)
  Rendering layouts/application.html.erb
  Rendered layouts/application.html.erb (57.5ms)
Completed 200 OK in 73ms (Views: 72.1ms | ActiveRecord: 0.0ms)


Started GET "/" for 127.0.0.1 at 2018-04-04 16:23:26 +0200
Processing by HomeController#index as HTML
Completed 401 Unauthorized in 2ms (ActiveRecord: 0.0ms)


Started GET "/users/sign_in" for 127.0.0.1 at 2018-04-04 16:23:26 +0200
Processing by Devise::SessionsController#new as HTML
  Rendering devise/sessions/new.html.erb within layouts/guest
  Rendered devise/shared/_links.html.erb (1.8ms)
  Rendered devise/sessions/new.html.erb within layouts/guest (6.9ms)
  Rendering layouts/application.html.erb
  Rendered layouts/application.html.erb (50.8ms)
Completed 200 OK in 72ms (Views: 68.5ms | ActiveRecord: 0.0ms)


Started GET "/contact" for 127.0.0.1 at 2018-04-04 16:23:27 +0200
Processing by ContactFormsController#new as HTML
  Rendering contact_forms/new.html.erb within layouts/guest
  Rendered contact_forms/new.html.erb within layouts/guest (7.6ms)
  Rendering layouts/application.html.erb
  Rendered layouts/application.html.erb (51.1ms)
Completed 200 OK in 80ms (Views: 65.5ms | ActiveRecord: 0.0ms)


Started GET "/" for 127.0.0.1 at 2018-04-04 16:23:28 +0200
Processing by HomeController#index as HTML
Completed 401 Unauthorized in 1ms (ActiveRecord: 0.0ms)


Started GET "/users/sign_in" for 127.0.0.1 at 2018-04-04 16:23:28 +0200
Processing by Devise::SessionsController#new as HTML
  Rendering devise/sessions/new.html.erb within layouts/guest
  Rendered devise/shared/_links.html.erb (1.2ms)
  Rendered devise/sessions/new.html.erb within layouts/guest (9.9ms)
  Rendering layouts/application.html.erb
  Rendered layouts/application.html.erb (73.2ms)
Completed 200 OK in 100ms (Views: 94.7ms | ActiveRecord: 0.0ms)


Started GET "/users/sign_up" for 127.0.0.1 at 2018-04-04 16:23:30 +0200
Processing by Users::RegistrationsController#new as HTML
  Rendering devise/registrations/new.html.erb within layouts/guest
  Rendered devise/registrations/_custom_fields.html.erb (1.1ms)
  Rendered devise/shared/_links.html.erb (2.4ms)
  Rendered devise/registrations/new.html.erb within layouts/guest (18.1ms)
  Rendering layouts/application.html.erb
  Rendered layouts/application.html.erb (55.7ms)
Completed 200 OK in 89ms (Views: 87.8ms | ActiveRecord: 0.0ms)


Started POST "/users" for 127.0.0.1 at 2018-04-04 16:23:38 +0200
Processing by Users::RegistrationsController#create as HTML
  Parameters: {"utf8"=>"✓", "authenticity_token"=>"9ahqO2p0HyM3z8wa5+m6/inquZlDZJ91WkBTqsVh/DcXVyWleAJqta8exxfJ2HQHONH3sJ9p4gbYGuJHPlOY/g==", "user"=>{"email"=>"test@test.com", "password"=>"[FILTERED]", "password_confirmation"=>"[FILTERED]", "first_name"=>"test", "last_name"=>"test"}, "commit"=>"Sign up"}
  [1m[35m (0.5ms)[0m  [1m[35mBEGIN[0m
  [1m[36mUser Exists (27.2ms)[0m  [1m[34mSELECT  1 AS one FROM "users" WHERE ("users"."id" IS NOT NULL) AND "users"."slug" = $1 LIMIT $2[0m  [["slug", "test-test"], ["LIMIT", 1]]
  [1m[36mUser Exists (1.4ms)[0m  [1m[34mSELECT  1 AS one FROM "users" WHERE "users"."email" = $1 LIMIT $2[0m  [["email", "test@test.com"], ["LIMIT", 1]]
  [1m[35m (0.6ms)[0m  [1m[31mROLLBACK[0m
  Rendering devise/registrations/new.html.erb within layouts/guest
  Rendered devise/registrations/_custom_fields.html.erb (1.2ms)
  Rendered devise/shared/_links.html.erb (2.2ms)
  Rendered devise/registrations/new.html.erb within layouts/guest (13.9ms)
  Rendering layouts/application.html.erb
  Rendered layouts/application.html.erb (51.2ms)
Completed 200 OK in 350ms (Views: 77.1ms | ActiveRecord: 29.8ms)


Started POST "/users" for 127.0.0.1 at 2018-04-04 16:23:47 +0200
Processing by Users::RegistrationsController#create as HTML
  Parameters: {"utf8"=>"✓", "authenticity_token"=>"2Ek44j0m8L82eS2cceNngYP2+wUMrDRsv5QTt8BRYdW/TJ1TOBEJwyqdryaU5z85OeBgev3aZBHQOxKaFObvvA==", "user"=>{"email"=>"test@test.com", "password"=>"[FILTERED]", "password_confirmation"=>"[FILTERED]", "first_name"=>"test", "last_name"=>"test"}, "commit"=>"Sign up"}
  [1m[35m (0.5ms)[0m  [1m[35mBEGIN[0m
  [1m[36mUser Exists (0.7ms)[0m  [1m[34mSELECT  1 AS one FROM "users" WHERE ("users"."id" IS NOT NULL) AND "users"."slug" = $1 LIMIT $2[0m  [["slug", "test-test"], ["LIMIT", 1]]
  [1m[36mUser Exists (1.6ms)[0m  [1m[34mSELECT  1 AS one FROM "users" WHERE "users"."email" = $1 LIMIT $2[0m  [["email", "test@test.com"], ["LIMIT", 1]]
  [1m[35m (0.5ms)[0m  [1m[31mROLLBACK[0m
  Rendering devise/registrations/new.html.erb within layouts/guest
  Rendered devise/registrations/_custom_fields.html.erb (1.0ms)
  Rendered devise/shared/_links.html.erb (1.0ms)
  Rendered devise/registrations/new.html.erb within layouts/guest (15.4ms)
  Rendering layouts/application.html.erb
  Rendered layouts/application.html.erb (64.1ms)
Completed 200 OK in 234ms (Views: 87.8ms | ActiveRecord: 3.3ms)


Started POST "/users" for 127.0.0.1 at 2018-04-04 16:23:54 +0200
Processing by Users::RegistrationsController#create as HTML
  Parameters: {"utf8"=>"✓", "authenticity_token"=>"5cEiyoUYhs77dEjLT5oWzICME1pUPg9ml0whUEcozGSCxId7gC9/sueQynGqnk50OpqIJaVIXxv44yB9k59CDQ==", "user"=>{"email"=>"test@test.com", "password"=>"[FILTERED]", "password_confirmation"=>"[FILTERED]", "first_name"=>"test", "last_name"=>"test"}, "commit"=>"Sign up"}
  [1m[35m (1.1ms)[0m  [1m[35mBEGIN[0m
  [1m[36mUser Exists (1.0ms)[0m  [1m[34mSELECT  1 AS one FROM "users" WHERE ("users"."id" IS NOT NULL) AND "users"."slug" = $1 LIMIT $2[0m  [["slug", "test-test"], ["LIMIT", 1]]
  [1m[36mUser Exists (0.7ms)[0m  [1m[34mSELECT  1 AS one FROM "users" WHERE "users"."email" = $1 LIMIT $2[0m  [["email", "test@test.com"], ["LIMIT", 1]]
  [1m[35m (0.6ms)[0m  [1m[31mROLLBACK[0m
  Rendering devise/registrations/new.html.erb within layouts/guest
  Rendered devise/registrations/_custom_fields.html.erb (0.8ms)
  Rendered devise/shared/_links.html.erb (2.6ms)
  Rendered devise/registrations/new.html.erb within layouts/guest (13.5ms)
  Rendering layouts/application.html.erb
  Rendered layouts/application.html.erb (58.4ms)
Completed 200 OK in 228ms (Views: 84.8ms | ActiveRecord: 3.3ms)


Started POST "/users" for 127.0.0.1 at 2018-04-04 16:24:02 +0200
Processing by Users::RegistrationsController#create as HTML
  Parameters: {"utf8"=>"✓", "authenticity_token"=>"uUvPn4xv5dxQa+8i/EwC9D6q62OqRfjudiUHGrHyHJveTmouiVgcoEyPbZgZSFpMhLxwHFszqJMZigY3ZUWS8g==", "user"=>{"email"=>"test@test.com", "password"=>"[FILTERED]", "password_confirmation"=>"[FILTERED]", "first_name"=>"test", "last_name"=>"test"}, "commit"=>"Sign up"}
  [1m[35m (1.3ms)[0m  [1m[35mBEGIN[0m
  [1m[36mUser Exists (1.6ms)[0m  [1m[34mSELECT  1 AS one FROM "users" WHERE ("users"."id" IS NOT NULL) AND "users"."slug" = $1 LIMIT $2[0m  [["slug", "test-test"], ["LIMIT", 1]]
  [1m[36mUser Exists (0.7ms)[0m  [1m[34mSELECT  1 AS one FROM "users" WHERE "users"."email" = $1 LIMIT $2[0m  [["email", "test@test.com"], ["LIMIT", 1]]
  [1m[35m (0.4ms)[0m  [1m[31mROLLBACK[0m
  Rendering devise/registrations/new.html.erb within layouts/guest
  Rendered devise/registrations/_custom_fields.html.erb (1.8ms)
  Rendered devise/shared/_links.html.erb (2.2ms)
  Rendered devise/registrations/new.html.erb within layouts/guest (17.6ms)
  Rendering layouts/application.html.erb
  Rendered layouts/application.html.erb (66.8ms)
Completed 200 OK in 253ms (Views: 100.1ms | ActiveRecord: 4.1ms)


Started POST "/users" for 127.0.0.1 at 2018-04-04 16:24:20 +0200
Processing by Users::RegistrationsController#create as HTML
  Parameters: {"utf8"=>"✓", "authenticity_token"=>"Ju7HHAdZ2+C7qaFGBPkApnbFRlalrJwYFPR+tpi+St9B62KtAm4inKdNI/zh/VgezNPdKVTazGV7W3+bTAnEtg==", "user"=>{"email"=>"test@test.com", "password"=>"[FILTERED]", "password_confirmation"=>"[FILTERED]", "first_name"=>"test", "last_name"=>"test"}, "commit"=>"Sign up"}
  [1m[35m (0.4ms)[0m  [1m[35mBEGIN[0m
  [1m[36mUser Exists (1.3ms)[0m  [1m[34mSELECT  1 AS one FROM "users" WHERE ("users"."id" IS NOT NULL) AND "users"."slug" = $1 LIMIT $2[0m  [["slug", "test-test"], ["LIMIT", 1]]
  [1m[36mUser Exists (1.7ms)[0m  [1m[34mSELECT  1 AS one FROM "users" WHERE "users"."email" = $1 LIMIT $2[0m  [["email", "test@test.com"], ["LIMIT", 1]]
  [1m[35m (0.6ms)[0m  [1m[31mROLLBACK[0m
  Rendering devise/registrations/new.html.erb within layouts/guest
  Rendered devise/registrations/_custom_fields.html.erb (0.8ms)
  Rendered devise/shared/_links.html.erb (0.9ms)
  Rendered devise/registrations/new.html.erb within layouts/guest (12.4ms)
  Rendering layouts/application.html.erb
  Rendered layouts/application.html.erb (50.3ms)
Completed 200 OK in 220ms (Views: 74.7ms | ActiveRecord: 4.0ms)


Started POST "/users" for 127.0.0.1 at 2018-04-04 16:24:26 +0200
Processing by Users::RegistrationsController#create as HTML
  Parameters: {"utf8"=>"✓", "authenticity_token"=>"61r5s7mmA+A2fu+vTf6CSNftUJQYDiQZoEHAz8NeesyMX1wCvJH6nCqabRWo+trwbfvL6+l4dGTP7sHiF+n0pQ==", "user"=>{"email"=>"test@test.com", "password"=>"[FILTERED]", "password_confirmation"=>"[FILTERED]", "first_name"=>"test", "last_name"=>"test"}, "commit"=>"Sign up"}
  [1m[35m (0.5ms)[0m  [1m[35mBEGIN[0m
  [1m[36mUser Exists (0.8ms)[0m  [1m[34mSELECT  1 AS one FROM "users" WHERE ("users"."id" IS NOT NULL) AND "users"."slug" = $1 LIMIT $2[0m  [["slug", "test-test"], ["LIMIT", 1]]
  [1m[36mUser Exists (0.7ms)[0m  [1m[34mSELECT  1 AS one FROM "users" WHERE "users"."email" = $1 LIMIT $2[0m  [["email", "test@test.com"], ["LIMIT", 1]]
  [1m[35m (0.4ms)[0m  [1m[31mROLLBACK[0m
  Rendering devise/registrations/new.html.erb within layouts/guest
  Rendered devise/registrations/_custom_fields.html.erb (0.8ms)
  Rendered devise/shared/_links.html.erb (1.3ms)
  Rendered devise/registrations/new.html.erb within layouts/guest (10.8ms)
  Rendering layouts/application.html.erb
  Rendered layouts/application.html.erb (47.6ms)
Completed 200 OK in 210ms (Views: 71.0ms | ActiveRecord: 2.4ms)


Started POST "/users" for 127.0.0.1 at 2018-04-04 16:24:31 +0200
Processing by Users::RegistrationsController#create as HTML
  Parameters: {"utf8"=>"✓", "authenticity_token"=>"9DCDqgOsbJiQR7rrOSUMcx4qauwdidCBQMcLDmeeDXeTNSYbBpuV5IyjOFHcIVTLpDzxk+z/gPwvaAojsymDHg==", "user"=>{"email"=>"test@test.com", "password"=>"[FILTERED]", "password_confirmation"=>"[FILTERED]", "first_name"=>"test", "last_name"=>"test"}, "commit"=>"Sign up"}
  [1m[35m (0.6ms)[0m  [1m[35mBEGIN[0m
  [1m[36mUser Exists (0.8ms)[0m  [1m[34mSELECT  1 AS one FROM "users" WHERE ("users"."id" IS NOT NULL) AND "users"."slug" = $1 LIMIT $2[0m  [["slug", "test-test"], ["LIMIT", 1]]
  [1m[36mUser Exists (0.9ms)[0m  [1m[34mSELECT  1 AS one FROM "users" WHERE "users"."email" = $1 LIMIT $2[0m  [["email", "test@test.com"], ["LIMIT", 1]]
  [1m[35mSQL (2.0ms)[0m  [1m[32mINSERT INTO "users" ("email", "encrypted_password", "confirmation_token", "confirmation_sent_at", "role", "first_name", "last_name", "slug", "created_at", "updated_at") VALUES ($1, $2, $3, $4, $5, $6, $7, $8, $9, $10) RETURNING "id"[0m  [["email", "test@test.com"], ["encrypted_password", "$2a$11$fTVgy6zu/GkUCUi0qmMvX.eNz.IjsrjKtT5qujHNj8WBsHbxkndt."], ["confirmation_token", "RCay9C_BnSzVbbRridbB"], ["confirmation_sent_at", "2018-04-04 14:24:31.491029"], ["role", 0], ["first_name", "test"], ["last_name", "test"], ["slug", "test-test"], ["created_at", "2018-04-04 14:24:31.490696"], ["updated_at", "2018-04-04 14:24:31.490696"]]
  [1m[35m (5.7ms)[0m  [1m[35mCOMMIT[0m
  Rendering devise/mailer/confirmation_instructions.html.erb
  Rendered devise/mailer/confirmation_instructions.html.erb (2.2ms)
Devise::Mailer#confirmation_instructions: processed outbound mail in 251.6ms
Sent mail to test@test.com (28.1ms)
Date: Wed, 04 Apr 2018 16:24:31 +0200
From: replace@me.com
Reply-To: replace@me.com
To: test@test.com
Message-ID: <5ac4e01fe3e26_48e73ff9d0abf4503299e@Bojans-MBP.mail>
Subject: Confirmation instructions
Mime-Version: 1.0
Content-Type: text/html;
 charset=UTF-8
Content-Transfer-Encoding: 7bit

<p>Welcome test@test.com!</p>

<p>You can confirm your account email through the link below:</p>

<p><a href="http://localhost:3000/users/confirmation?confirmation_token=RCay9C_BnSzVbbRridbB&amp;locale=en">Confirm my account</a></p>

Redirected to http://localhost:3000/users/sign_in
Completed 302 Found in 619ms (ActiveRecord: 10.0ms)


Started GET "/users/sign_in" for 127.0.0.1 at 2018-04-04 16:24:32 +0200
Processing by Devise::SessionsController#new as HTML
  Rendering devise/sessions/new.html.erb within layouts/guest
  Rendered devise/shared/_links.html.erb (1.9ms)
  Rendered devise/sessions/new.html.erb within layouts/guest (8.2ms)
  Rendering layouts/application.html.erb
  Rendered layouts/application.html.erb (87.3ms)
Completed 200 OK in 106ms (Views: 103.8ms | ActiveRecord: 0.0ms)


Started GET "/users/confirmation?confirmation_token=RCay9C_BnSzVbbRridbB&locale=en" for 127.0.0.1 at 2018-04-04 16:24:34 +0200
Processing by Devise::ConfirmationsController#show as HTML
  Parameters: {"confirmation_token"=>"RCay9C_BnSzVbbRridbB", "locale"=>"en"}
  [1m[36mUser Load (7.9ms)[0m  [1m[34mSELECT  "users".* FROM "users" WHERE "users"."confirmation_token" = $1 ORDER BY "users"."id" ASC LIMIT $2[0m  [["confirmation_token", "RCay9C_BnSzVbbRridbB"], ["LIMIT", 1]]
  [1m[35m (1.8ms)[0m  [1m[35mBEGIN[0m
  [1m[35mSQL (24.4ms)[0m  [1m[33mUPDATE "users" SET "confirmed_at" = $1, "updated_at" = $2 WHERE "users"."id" = $3[0m  [["confirmed_at", "2018-04-04 14:24:34.517075"], ["updated_at", "2018-04-04 14:24:34.520340"], ["id", 1]]
  [1m[35m (1.1ms)[0m  [1m[35mCOMMIT[0m
Redirected to http://localhost:3000/users/sign_in
Completed 302 Found in 51ms (ActiveRecord: 35.2ms)


Started GET "/users/sign_in" for 127.0.0.1 at 2018-04-04 16:24:34 +0200
Processing by Devise::SessionsController#new as HTML
  Rendering devise/sessions/new.html.erb within layouts/guest
  Rendered devise/shared/_links.html.erb (1.4ms)
  Rendered devise/sessions/new.html.erb within layouts/guest (7.6ms)
  Rendering layouts/application.html.erb
  Rendered layouts/application.html.erb (75.1ms)
Completed 200 OK in 92ms (Views: 89.9ms | ActiveRecord: 0.0ms)


Started POST "/users/sign_in" for 127.0.0.1 at 2018-04-04 16:24:44 +0200
Processing by Devise::SessionsController#create as HTML
  Parameters: {"utf8"=>"✓", "authenticity_token"=>"ceOmicori9Vy7XuedkOaY6EsVrlch9HzWTVUh2nB6YUW5gM4zxxyqW4J+SSTR8LbGzrNxq3xgY42mlWqvXZn7A==", "user"=>{"email"=>"test@test.com", "password"=>"[FILTERED]", "remember_me"=>"0"}, "commit"=>"Sign in"}
  [1m[36mUser Load (0.9ms)[0m  [1m[34mSELECT  "users".* FROM "users" WHERE "users"."email" = $1 ORDER BY "users"."id" ASC LIMIT $2[0m  [["email", "test@test.com"], ["LIMIT", 1]]
  [1m[35m (0.8ms)[0m  [1m[35mBEGIN[0m
  [1m[35mSQL (1.3ms)[0m  [1m[33mUPDATE "users" SET "current_sign_in_at" = $1, "last_sign_in_at" = $2, "current_sign_in_ip" = $3, "last_sign_in_ip" = $4, "sign_in_count" = $5, "updated_at" = $6 WHERE "users"."id" = $7[0m  [["current_sign_in_at", "2018-04-04 14:24:44.227326"], ["last_sign_in_at", "2018-04-04 14:24:44.227326"], ["current_sign_in_ip", "127.0.0.1"], ["last_sign_in_ip", "127.0.0.1"], ["sign_in_count", 1], ["updated_at", "2018-04-04 14:24:44.228845"], ["id", 1]]
  [1m[35m (7.3ms)[0m  [1m[35mCOMMIT[0m
Redirected to http://localhost:3000/
Completed 302 Found in 158ms (ActiveRecord: 10.3ms)


Started GET "/" for 127.0.0.1 at 2018-04-04 16:24:44 +0200
Processing by HomeController#index as HTML
  [1m[36mUser Load (1.0ms)[0m  [1m[34mSELECT  "users".* FROM "users" WHERE "users"."id" = $1 ORDER BY "users"."id" ASC LIMIT $2[0m  [["id", 1], ["LIMIT", 1]]
  Rendering home/index.html.erb within layouts/user
  Rendered home/index.html.erb within layouts/user (0.5ms)
  Rendered layouts/_base_menu_items.html.erb (0.3ms)
  Rendering layouts/application.html.erb
  Rendered layouts/application.html.erb (85.9ms)
Completed 200 OK in 104ms (Views: 97.6ms | ActiveRecord: 1.0ms)


Started GET "/" for 127.0.0.1 at 2018-04-04 16:24:46 +0200
Processing by HomeController#index as HTML
  [1m[36mUser Load (1.2ms)[0m  [1m[34mSELECT  "users".* FROM "users" WHERE "users"."id" = $1 ORDER BY "users"."id" ASC LIMIT $2[0m  [["id", 1], ["LIMIT", 1]]
  Rendering home/index.html.erb within layouts/user
  Rendered home/index.html.erb within layouts/user (0.4ms)
  Rendered layouts/_base_menu_items.html.erb (0.3ms)
  Rendering layouts/application.html.erb
  Rendered layouts/application.html.erb (65.2ms)
Completed 200 OK in 79ms (Views: 73.0ms | ActiveRecord: 1.2ms)


Started GET "/contact" for 127.0.0.1 at 2018-04-04 16:24:47 +0200
Processing by ContactFormsController#new as HTML
  [1m[36mUser Load (1.0ms)[0m  [1m[34mSELECT  "users".* FROM "users" WHERE "users"."id" = $1 ORDER BY "users"."id" ASC LIMIT $2[0m  [["id", 1], ["LIMIT", 1]]
  Rendering contact_forms/new.html.erb within layouts/user
  Rendered contact_forms/new.html.erb within layouts/user (2.9ms)
  Rendered layouts/_base_menu_items.html.erb (0.5ms)
  Rendering layouts/application.html.erb
  Rendered layouts/application.html.erb (67.4ms)
Completed 200 OK in 97ms (Views: 84.3ms | ActiveRecord: 1.0ms)


Started GET "/users/edit" for 127.0.0.1 at 2018-04-04 16:24:52 +0200
Processing by Users::RegistrationsController#edit as HTML
  [1m[36mUser Load (2.6ms)[0m  [1m[34mSELECT  "users".* FROM "users" WHERE "users"."id" = $1 ORDER BY "users"."id" ASC LIMIT $2[0m  [["id", 1], ["LIMIT", 1]]
  Rendering devise/registrations/edit.html.erb within layouts/user
  Rendered devise/registrations/_custom_fields.html.erb (1.6ms)
  Rendered devise/registrations/edit.html.erb within layouts/user (15.7ms)
  Rendered layouts/_base_menu_items.html.erb (0.2ms)
  Rendering layouts/application.html.erb
  Rendered layouts/application.html.erb (69.2ms)
Completed 200 OK in 111ms (Views: 104.1ms | ActiveRecord: 2.6ms)


Started GET "/" for 127.0.0.1 at 2018-04-04 22:52:57 +0200
Processing by HomeController#index as HTML
  [1m[36mUser Load (38.9ms)[0m  [1m[34mSELECT  "users".* FROM "users" WHERE "users"."id" = $1 ORDER BY "users"."id" ASC LIMIT $2[0m  [["id", 1], ["LIMIT", 1]]
  [1m[35m (1.0ms)[0m  [1m[35mBEGIN[0m
  [1m[35m (0.8ms)[0m  [1m[35mCOMMIT[0m
Completed 401 Unauthorized in 166ms (ActiveRecord: 40.7ms)


Started GET "/" for 127.0.0.1 at 2018-04-04 22:52:57 +0200
Processing by HomeController#index as HTML
Completed 401 Unauthorized in 2ms (ActiveRecord: 0.0ms)


Started GET "/users/sign_in" for 127.0.0.1 at 2018-04-04 22:52:57 +0200
Processing by Devise::SessionsController#new as HTML
  Rendering devise/sessions/new.html.erb within layouts/guest
  Rendered devise/shared/_links.html.erb (7.8ms)
  Rendered devise/sessions/new.html.erb within layouts/guest (22.8ms)
  Rendering layouts/application.html.erb
  Rendered layouts/application.html.erb (306.4ms)
Completed 200 OK in 351ms (Views: 344.9ms | ActiveRecord: 0.0ms)


Started GET "/" for 127.0.0.1 at 2018-04-04 22:53:12 +0200
Processing by HomeController#index as HTML
Completed 401 Unauthorized in 1ms (ActiveRecord: 0.0ms)


Started GET "/users/sign_in" for 127.0.0.1 at 2018-04-04 22:53:12 +0200
Processing by Devise::SessionsController#new as HTML
  Rendering devise/sessions/new.html.erb within layouts/guest
  Rendered devise/shared/_links.html.erb (5.1ms)
  Rendered devise/sessions/new.html.erb within layouts/guest (12.7ms)
  Rendering layouts/application.html.erb
  Rendered layouts/application.html.erb (93.8ms)
Completed 200 OK in 120ms (Views: 118.2ms | ActiveRecord: 0.0ms)


Started GET "/contact" for 127.0.0.1 at 2018-04-04 22:53:13 +0200
Processing by ContactFormsController#new as HTML
  Rendering contact_forms/new.html.erb within layouts/guest
  Rendered contact_forms/new.html.erb within layouts/guest (8.5ms)
  Rendering layouts/application.html.erb
  Rendered layouts/application.html.erb (94.5ms)
Completed 200 OK in 129ms (Views: 120.2ms | ActiveRecord: 0.0ms)


Started GET "/users/sign_in" for 127.0.0.1 at 2018-04-04 22:53:40 +0200
Processing by Devise::SessionsController#new as HTML
  Rendering devise/sessions/new.html.erb within layouts/guest
  Rendered devise/shared/_links.html.erb (2.5ms)
  Rendered devise/sessions/new.html.erb within layouts/guest (7.4ms)
  Rendering layouts/application.html.erb
  Rendered layouts/application.html.erb (74.1ms)
Completed 200 OK in 97ms (Views: 92.8ms | ActiveRecord: 0.0ms)


Started POST "/users/sign_in" for 127.0.0.1 at 2018-04-04 22:53:46 +0200
Processing by Devise::SessionsController#create as HTML
  Parameters: {"utf8"=>"✓", "authenticity_token"=>"MLQWSmeLH2F+WSVFhcGuvBolwqU5k3HKmZnfIFjsK3YRsUVOvB3MAkvgtqpc3FSDExoLB8seKyHXBJYA2Y7aFQ==", "user"=>{"email"=>"test@test.com", "password"=>"[FILTERED]", "remember_me"=>"0"}, "commit"=>"Sign in"}
  [1m[36mUser Load (28.2ms)[0m  [1m[34mSELECT  "users".* FROM "users" WHERE "users"."email" = $1 ORDER BY "users"."id" ASC LIMIT $2[0m  [["email", "test@test.com"], ["LIMIT", 1]]
  [1m[35m (1.0ms)[0m  [1m[35mBEGIN[0m
  [1m[35mSQL (25.5ms)[0m  [1m[33mUPDATE "users" SET "failed_attempts" = $1, "updated_at" = $2 WHERE "users"."id" = $3[0m  [["failed_attempts", 1], ["updated_at", "2018-04-04 20:53:46.949490"], ["id", 1]]
  [1m[35m (7.4ms)[0m  [1m[35mCOMMIT[0m
Completed 401 Unauthorized in 188ms (ActiveRecord: 62.1ms)


Processing by Devise::SessionsController#new as HTML
  Parameters: {"utf8"=>"✓", "authenticity_token"=>"MLQWSmeLH2F+WSVFhcGuvBolwqU5k3HKmZnfIFjsK3YRsUVOvB3MAkvgtqpc3FSDExoLB8seKyHXBJYA2Y7aFQ==", "user"=>{"email"=>"test@test.com", "password"=>"[FILTERED]", "remember_me"=>"0"}, "commit"=>"Sign in"}
  Rendering devise/sessions/new.html.erb within layouts/guest
  Rendered devise/shared/_links.html.erb (1.9ms)
  Rendered devise/sessions/new.html.erb within layouts/guest (6.2ms)
  Rendering layouts/application.html.erb
  Rendered layouts/application.html.erb (66.4ms)
Completed 200 OK in 196ms (Views: 79.2ms | ActiveRecord: 0.0ms)


Started POST "/users/sign_in" for 127.0.0.1 at 2018-04-04 22:53:53 +0200
Processing by Devise::SessionsController#create as HTML
  Parameters: {"utf8"=>"✓", "authenticity_token"=>"Yq+aHr05jkuI11mMsgJG8ZbHOPYimewS5BwRVTuJGlqD4NAKWwtGKOaXRk1N56O3f6Oqj42tNB8GzRhX72HPLw==", "user"=>{"email"=>"test@test.com", "password"=>"[FILTERED]", "remember_me"=>"0"}, "commit"=>"Sign in"}
  [1m[36mUser Load (1.0ms)[0m  [1m[34mSELECT  "users".* FROM "users" WHERE "users"."email" = $1 ORDER BY "users"."id" ASC LIMIT $2[0m  [["email", "test@test.com"], ["LIMIT", 1]]
  [1m[35m (0.6ms)[0m  [1m[35mBEGIN[0m
  [1m[35mSQL (0.9ms)[0m  [1m[33mUPDATE "users" SET "failed_attempts" = $1, "updated_at" = $2 WHERE "users"."id" = $3[0m  [["failed_attempts", 0], ["updated_at", "2018-04-04 20:53:53.755441"], ["id", 1]]
  [1m[35m (6.6ms)[0m  [1m[35mCOMMIT[0m
  [1m[35m (1.0ms)[0m  [1m[35mBEGIN[0m
  [1m[35mSQL (2.8ms)[0m  [1m[33mUPDATE "users" SET "sign_in_count" = $1, "current_sign_in_at" = $2, "updated_at" = $3 WHERE "users"."id" = $4[0m  [["sign_in_count", 2], ["current_sign_in_at", "2018-04-04 20:53:53.764837"], ["updated_at", "2018-04-04 20:53:53.766643"], ["id", 1]]
  [1m[35m (1.0ms)[0m  [1m[35mCOMMIT[0m
Redirected to http://localhost:3000/
Completed 302 Found in 155ms (ActiveRecord: 13.8ms)


Started GET "/" for 127.0.0.1 at 2018-04-04 22:53:53 +0200
Processing by HomeController#index as HTML
  [1m[36mUser Load (0.9ms)[0m  [1m[34mSELECT  "users".* FROM "users" WHERE "users"."id" = $1 ORDER BY "users"."id" ASC LIMIT $2[0m  [["id", 1], ["LIMIT", 1]]
  Rendering home/index.html.erb within layouts/user
  Rendered home/index.html.erb within layouts/user (1.2ms)
  Rendered layouts/_base_menu_items.html.erb (0.3ms)
  Rendering layouts/application.html.erb
  Rendered layouts/application.html.erb (68.2ms)
Completed 200 OK in 86ms (Views: 81.0ms | ActiveRecord: 0.9ms)


Started GET "/" for 127.0.0.1 at 2018-04-04 22:54:00 +0200
Processing by HomeController#index as HTML
  [1m[36mUser Load (1.3ms)[0m  [1m[34mSELECT  "users".* FROM "users" WHERE "users"."id" = $1 ORDER BY "users"."id" ASC LIMIT $2[0m  [["id", 1], ["LIMIT", 1]]
  Rendering home/index.html.erb within layouts/user
  Rendered home/index.html.erb within layouts/user (0.4ms)
  Rendered layouts/_base_menu_items.html.erb (0.5ms)
  Rendering layouts/application.html.erb
  Rendered layouts/application.html.erb (78.8ms)
Completed 200 OK in 95ms (Views: 88.6ms | ActiveRecord: 1.3ms)


Started GET "/" for 127.0.0.1 at 2018-04-04 22:54:01 +0200
Processing by HomeController#index as HTML
  [1m[36mUser Load (4.1ms)[0m  [1m[34mSELECT  "users".* FROM "users" WHERE "users"."id" = $1 ORDER BY "users"."id" ASC LIMIT $2[0m  [["id", 1], ["LIMIT", 1]]
  Rendering home/index.html.erb within layouts/user
  Rendered home/index.html.erb within layouts/user (0.9ms)
  Rendered layouts/_base_menu_items.html.erb (0.5ms)
  Rendering layouts/application.html.erb
  Rendered layouts/application.html.erb (86.6ms)
Completed 200 OK in 108ms (Views: 98.7ms | ActiveRecord: 4.1ms)


Started GET "/contact" for 127.0.0.1 at 2018-04-04 22:54:01 +0200
Processing by ContactFormsController#new as HTML
  [1m[36mUser Load (1.4ms)[0m  [1m[34mSELECT  "users".* FROM "users" WHERE "users"."id" = $1 ORDER BY "users"."id" ASC LIMIT $2[0m  [["id", 1], ["LIMIT", 1]]
  Rendering contact_forms/new.html.erb within layouts/user
  Rendered contact_forms/new.html.erb within layouts/user (4.2ms)
  Rendered layouts/_base_menu_items.html.erb (0.3ms)
  Rendering layouts/application.html.erb
  Rendered layouts/application.html.erb (87.8ms)
Completed 200 OK in 108ms (Views: 103.5ms | ActiveRecord: 1.4ms)


Started GET "/users/edit" for 127.0.0.1 at 2018-04-04 22:54:04 +0200
Processing by Users::RegistrationsController#edit as HTML
  [1m[36mUser Load (1.2ms)[0m  [1m[34mSELECT  "users".* FROM "users" WHERE "users"."id" = $1 ORDER BY "users"."id" ASC LIMIT $2[0m  [["id", 1], ["LIMIT", 1]]
  Rendering devise/registrations/edit.html.erb within layouts/user
  Rendered devise/registrations/_custom_fields.html.erb (1.0ms)
  Rendered devise/registrations/edit.html.erb within layouts/user (13.3ms)
  Rendered layouts/_base_menu_items.html.erb (0.4ms)
  Rendering layouts/application.html.erb
  Rendered layouts/application.html.erb (84.0ms)
Completed 200 OK in 127ms (Views: 121.9ms | ActiveRecord: 1.2ms)


Started GET "/" for 127.0.0.1 at 2018-04-04 23:00:47 +0200
Processing by HomeController#index as HTML
  [1m[36mUser Load (2.1ms)[0m  [1m[34mSELECT  "users".* FROM "users" WHERE "users"."id" = $1 ORDER BY "users"."id" ASC LIMIT $2[0m  [["id", 1], ["LIMIT", 1]]
  Rendering home/index.html.erb within layouts/user
  Rendered home/index.html.erb within layouts/user (0.8ms)
  Rendered layouts/_base_menu_items.html.erb (2.4ms)
  Rendering layouts/application.html.erb
  Rendered layouts/application.html.erb (74.0ms)
Completed 200 OK in 104ms (Views: 94.8ms | ActiveRecord: 2.1ms)


Started GET "/contact" for 127.0.0.1 at 2018-04-04 23:00:49 +0200
Processing by ContactFormsController#new as HTML
  [1m[36mUser Load (2.0ms)[0m  [1m[34mSELECT  "users".* FROM "users" WHERE "users"."id" = $1 ORDER BY "users"."id" ASC LIMIT $2[0m  [["id", 1], ["LIMIT", 1]]
  Rendering contact_forms/new.html.erb within layouts/user
  Rendered contact_forms/new.html.erb within layouts/user (11.0ms)
  Rendered layouts/_base_menu_items.html.erb (1.1ms)
  Rendering layouts/application.html.erb
  Rendered layouts/application.html.erb (57.9ms)
Completed 200 OK in 100ms (Views: 92.5ms | ActiveRecord: 2.0ms)


Started GET "/contact" for 127.0.0.1 at 2018-04-04 23:04:24 +0200
Processing by ContactFormsController#new as HTML
  [1m[36mUser Load (3.8ms)[0m  [1m[34mSELECT  "users".* FROM "users" WHERE "users"."id" = $1 ORDER BY "users"."id" ASC LIMIT $2[0m  [["id", 1], ["LIMIT", 1]]
  Rendering contact_forms/new.html.erb within layouts/user
  Rendered contact_forms/new.html.erb within layouts/user (3.6ms)
  Rendered layouts/_base_menu_items.html.erb (0.7ms)
  Rendering layouts/application.html.erb
  Rendered layouts/application.html.erb (64.5ms)
Completed 200 OK in 89ms (Views: 82.3ms | ActiveRecord: 3.8ms)


Started GET "/" for 127.0.0.1 at 2018-04-04 23:04:25 +0200
Processing by HomeController#index as HTML
  [1m[36mUser Load (1.5ms)[0m  [1m[34mSELECT  "users".* FROM "users" WHERE "users"."id" = $1 ORDER BY "users"."id" ASC LIMIT $2[0m  [["id", 1], ["LIMIT", 1]]
  Rendering home/index.html.erb within layouts/user
  Rendered home/index.html.erb within layouts/user (0.5ms)
  Rendered layouts/_base_menu_items.html.erb (0.8ms)
  Rendering layouts/application.html.erb
  Rendered layouts/application.html.erb (69.3ms)
Completed 200 OK in 87ms (Views: 80.1ms | ActiveRecord: 1.5ms)


  [1m[35m (6.6ms)[0m  [1m[35mCREATE TABLE "schema_migrations" ("version" character varying NOT NULL PRIMARY KEY)[0m
  [1m[35m (21.3ms)[0m  [1m[35mCREATE TABLE "ar_internal_metadata" ("key" character varying NOT NULL PRIMARY KEY, "value" character varying, "created_at" timestamp NOT NULL, "updated_at" timestamp NOT NULL)[0m
  [1m[35m (0.3ms)[0m  [1m[34mSELECT pg_try_advisory_lock(5603537634957451980)[0m
  [1m[35m (0.6ms)[0m  [1m[34mSELECT "schema_migrations"."version" FROM "schema_migrations" ORDER BY "schema_migrations"."version" ASC[0m
Migrating to DeviseCreateUsers (20170815132601)
  [1m[35m (0.2ms)[0m  [1m[35mBEGIN[0m
  [1m[35m (16.1ms)[0m  [1m[35mCREATE TABLE "users" ("id" bigserial primary key, "email" character varying DEFAULT '' NOT NULL, "encrypted_password" character varying DEFAULT '' NOT NULL, "reset_password_token" character varying, "reset_password_sent_at" timestamp, "remember_created_at" timestamp, "sign_in_count" integer DEFAULT 0 NOT NULL, "current_sign_in_at" timestamp, "last_sign_in_at" timestamp, "current_sign_in_ip" character varying, "last_sign_in_ip" character varying, "confirmation_token" character varying, "confirmed_at" timestamp, "confirmation_sent_at" timestamp, "unconfirmed_email" character varying, "failed_attempts" integer DEFAULT 0 NOT NULL, "unlock_token" character varying, "locked_at" timestamp, "role" integer, "first_name" character varying, "last_name" character varying, "slug" character varying, "created_at" timestamp NOT NULL, "updated_at" timestamp NOT NULL)[0m
  [1m[35m (1.1ms)[0m  [1m[35mCREATE UNIQUE INDEX  "index_users_on_email" ON "users"  ("email")[0m
  [1m[35m (1.5ms)[0m  [1m[35mCREATE UNIQUE INDEX  "index_users_on_reset_password_token" ON "users"  ("reset_password_token")[0m
  [1m[35m (1.5ms)[0m  [1m[35mCREATE UNIQUE INDEX  "index_users_on_confirmation_token" ON "users"  ("confirmation_token")[0m
  [1m[35m (0.8ms)[0m  [1m[35mCREATE UNIQUE INDEX  "index_users_on_unlock_token" ON "users"  ("unlock_token")[0m
  [1m[35m (0.9ms)[0m  [1m[35mCREATE UNIQUE INDEX  "index_users_on_slug" ON "users"  ("slug")[0m
  [1m[35mSQL (0.7ms)[0m  [1m[32mINSERT INTO "schema_migrations" ("version") VALUES ($1) RETURNING "version"[0m  [["version", "20170815132601"]]
  [1m[35m (0.6ms)[0m  [1m[35mCOMMIT[0m
Migrating to CreateFriendlyIdSlugs (20170816134443)
  [1m[35m (6.2ms)[0m  [1m[35mBEGIN[0m
  [1m[35m (15.4ms)[0m  [1m[35mCREATE TABLE "friendly_id_slugs" ("id" serial NOT NULL PRIMARY KEY, "slug" character varying NOT NULL, "sluggable_id" integer NOT NULL, "sluggable_type" character varying(50), "scope" character varying, "created_at" timestamp)[0m
  [1m[35m (1.1ms)[0m  [1m[35mCREATE  INDEX  "index_friendly_id_slugs_on_sluggable_id" ON "friendly_id_slugs"  ("sluggable_id")[0m
  [1m[35m (0.8ms)[0m  [1m[35mCREATE  INDEX  "index_friendly_id_slugs_on_slug_and_sluggable_type" ON "friendly_id_slugs"  ("slug", "sluggable_type")[0m
  [1m[35m (1.0ms)[0m  [1m[35mCREATE UNIQUE INDEX  "index_friendly_id_slugs_on_slug_and_sluggable_type_and_scope" ON "friendly_id_slugs"  ("slug", "sluggable_type", "scope")[0m
  [1m[35m (1.0ms)[0m  [1m[35mCREATE  INDEX  "index_friendly_id_slugs_on_sluggable_type" ON "friendly_id_slugs"  ("sluggable_type")[0m
  [1m[35mSQL (0.4ms)[0m  [1m[32mINSERT INTO "schema_migrations" ("version") VALUES ($1) RETURNING "version"[0m  [["version", "20170816134443"]]
  [1m[35m (0.6ms)[0m  [1m[35mCOMMIT[0m
  [1m[36mActiveRecord::InternalMetadata Load (0.3ms)[0m  [1m[34mSELECT  "ar_internal_metadata".* FROM "ar_internal_metadata" WHERE "ar_internal_metadata"."key" = $1 LIMIT $2[0m  [["key", "environment"], ["LIMIT", 1]]
  [1m[35m (0.2ms)[0m  [1m[35mBEGIN[0m
  [1m[35mSQL (0.5ms)[0m  [1m[32mINSERT INTO "ar_internal_metadata" ("key", "value", "created_at", "updated_at") VALUES ($1, $2, $3, $4) RETURNING "key"[0m  [["key", "environment"], ["value", "development"], ["created_at", "2018-04-05 09:35:49.450248"], ["updated_at", "2018-04-05 09:35:49.450248"]]
  [1m[35m (0.5ms)[0m  [1m[35mCOMMIT[0m
  [1m[35m (0.3ms)[0m  [1m[34mSELECT pg_advisory_unlock(5603537634957451980)[0m
  [1m[35m (0.3ms)[0m  [1m[34mSELECT "schema_migrations"."version" FROM "schema_migrations" ORDER BY "schema_migrations"."version" ASC[0m
  [1m[35m (0.6ms)[0m  [1m[34mSELECT "schema_migrations"."version" FROM "schema_migrations" ORDER BY "schema_migrations"."version" ASC[0m
  [1m[35m (0.2ms)[0m  [1m[35mBEGIN[0m
  [1m[36mUser Exists (0.8ms)[0m  [1m[34mSELECT  1 AS one FROM "users" WHERE ("users"."id" IS NOT NULL) AND "users"."slug" = $1 LIMIT $2[0m  [["slug", "admin-user"], ["LIMIT", 1]]
  [1m[36mUser Exists (0.3ms)[0m  [1m[34mSELECT  1 AS one FROM "users" WHERE "users"."email" = $1 LIMIT $2[0m  [["email", "admin@test.com"], ["LIMIT", 1]]
  [1m[35mSQL (1.2ms)[0m  [1m[32mINSERT INTO "users" ("email", "encrypted_password", "confirmed_at", "role", "first_name", "last_name", "slug", "created_at", "updated_at") VALUES ($1, $2, $3, $4, $5, $6, $7, $8, $9) RETURNING "id"[0m  [["email", "admin@test.com"], ["encrypted_password", "$2a$11$apkrBIl4WrCtZxrF7u61Ju7I1PI36Lj3Svya4tiNloMqCgzZbxKku"], ["confirmed_at", "2018-04-05 00:00:00"], ["role", 1], ["first_name", "Admin"], ["last_name", "User"], ["slug", "admin-user"], ["created_at", "2018-04-05 09:35:57.417137"], ["updated_at", "2018-04-05 09:35:57.417137"]]
  [1m[35m (5.7ms)[0m  [1m[35mCOMMIT[0m
  [1m[35m (0.3ms)[0m  [1m[35mBEGIN[0m
  [1m[36mUser Exists (0.4ms)[0m  [1m[34mSELECT  1 AS one FROM "users" WHERE ("users"."id" IS NOT NULL) AND "users"."slug" = $1 LIMIT $2[0m  [["slug", "ordinary-user"], ["LIMIT", 1]]
  [1m[36mUser Exists (0.3ms)[0m  [1m[34mSELECT  1 AS one FROM "users" WHERE "users"."email" = $1 LIMIT $2[0m  [["email", "user@test.com"], ["LIMIT", 1]]
  [1m[35mSQL (0.5ms)[0m  [1m[32mINSERT INTO "users" ("email", "encrypted_password", "confirmed_at", "role", "first_name", "last_name", "slug", "created_at", "updated_at") VALUES ($1, $2, $3, $4, $5, $6, $7, $8, $9) RETURNING "id"[0m  [["email", "user@test.com"], ["encrypted_password", "$2a$11$iiYM5btOzy2bGtdcm7Y78.PpIFedJANgFnb7geAJjHlgqh7zOLdzS"], ["confirmed_at", "2018-04-05 00:00:00"], ["role", 0], ["first_name", "Ordinary"], ["last_name", "User"], ["slug", "ordinary-user"], ["created_at", "2018-04-05 09:35:57.541754"], ["updated_at", "2018-04-05 09:35:57.541754"]]
  [1m[35m (5.7ms)[0m  [1m[35mCOMMIT[0m
Started GET "/" for 127.0.0.1 at 2018-04-05 11:36:27 +0200
  [1m[35m (1.5ms)[0m  [1m[34mSELECT "schema_migrations"."version" FROM "schema_migrations" ORDER BY "schema_migrations"."version" ASC[0m
Processing by HomeController#index as HTML
Completed 401 Unauthorized in 20ms (ActiveRecord: 0.0ms)


Started GET "/users/sign_in" for 127.0.0.1 at 2018-04-05 11:36:28 +0200
Processing by Devise::SessionsController#new as HTML
  Rendering devise/sessions/new.html.erb within layouts/guest
  Rendered devise/shared/_links.html.erb (2.8ms)
  Rendered devise/sessions/new.html.erb within layouts/guest (19.6ms)
  Rendering layouts/application.html.erb
  Rendered layouts/application.html.erb (635.8ms)
Completed 200 OK in 702ms (Views: 668.7ms | ActiveRecord: 7.4ms)


Started GET "/" for 127.0.0.1 at 2018-04-05 11:36:33 +0200
Processing by HomeController#index as HTML
Completed 401 Unauthorized in 3ms (ActiveRecord: 0.0ms)


Started GET "/users/sign_in" for 127.0.0.1 at 2018-04-05 11:36:33 +0200
Processing by Devise::SessionsController#new as HTML
  Rendering devise/sessions/new.html.erb within layouts/guest
  Rendered devise/shared/_links.html.erb (1.1ms)
  Rendered devise/sessions/new.html.erb within layouts/guest (4.3ms)
  Rendering layouts/application.html.erb
  Rendered layouts/application.html.erb (117.3ms)
Completed 200 OK in 134ms (Views: 131.2ms | ActiveRecord: 0.0ms)


